give me the cities in virginia
call the rivers in arkansas
can you tell me , what is the capital of texas
you could tell me which is the highest point in the state of oregon
call all states
tell me what cities in texas are
call the cities of usa
call me the cities in virginia
call me cities in texas
call me the lakes in california
which city is the largest
call me the longest river , which flows through the usa
how big is alaska
how big is massachusetts
how big is new mexico
how big is north dakota
how big is texas
how big is the city of new york
how much are the highest surveys all states
how high is guadalupe peak
how high is the highest point in montana
how high is the highest point of the largest state
how high is the highest point of delaware
how high is the highest point florida
how high is the highest point of louisiana
how big is the largest city in alaska
how long is rio grande
how long is the mississippi river
how long is the mississippi
